{"D:\\Repos\\take-a-rest\\client\\config\\index.js": {"path":"D:\\Repos\\take-a-rest\\client\\config\\index.js","statementMap":{"0":{"start":{"line":1,"column":22},"end":{"line":4,"column":1}},"1":{"start":{"line":6,"column":0},"end":{"line":6,"column":31}}},"fnMap":{},"branchMap":{},"s":{"0":2,"1":2},"f":{},"b":{},"_coverageSchema":"332fd63041d2c1bcb487cc26dd0d5f7d97098a6c","hash":"0a5c3de5c273ca65cca44208410331acbd026f90"}
,"D:\\Repos\\take-a-rest\\client\\util\\index.js": {"path":"D:\\Repos\\take-a-rest\\client\\util\\index.js","statementMap":{"0":{"start":{"line":1,"column":27},"end":{"line":1,"column":43}},"1":{"start":{"line":3,"column":16},"end":{"line":3,"column":55}},"2":{"start":{"line":3,"column":37},"end":{"line":3,"column":54}},"3":{"start":{"line":5,"column":17},"end":{"line":5,"column":31}},"4":{"start":{"line":7,"column":18},"end":{"line":7,"column":71}},"5":{"start":{"line":7,"column":46},"end":{"line":7,"column":70}},"6":{"start":{"line":9,"column":28},"end":{"line":9,"column":40}},"7":{"start":{"line":11,"column":26},"end":{"line":11,"column":64}},"8":{"start":{"line":13,"column":22},"end":{"line":13,"column":56}},"9":{"start":{"line":13,"column":29},"end":{"line":13,"column":56}},"10":{"start":{"line":15,"column":17},"end":{"line":15,"column":62}},"11":{"start":{"line":15,"column":25},"end":{"line":15,"column":61}},"12":{"start":{"line":17,"column":26},"end":{"line":28,"column":1}},"13":{"start":{"line":18,"column":20},"end":{"line":18,"column":34}},"14":{"start":{"line":19,"column":17},"end":{"line":19,"column":19}},"15":{"start":{"line":20,"column":2},"end":{"line":26,"column":5}},"16":{"start":{"line":21,"column":4},"end":{"line":25,"column":5}},"17":{"start":{"line":22,"column":6},"end":{"line":22,"column":23}},"18":{"start":{"line":24,"column":6},"end":{"line":24,"column":29}},"19":{"start":{"line":27,"column":2},"end":{"line":27,"column":18}},"20":{"start":{"line":30,"column":20},"end":{"line":30,"column":89}},"21":{"start":{"line":30,"column":28},"end":{"line":30,"column":88}},"22":{"start":{"line":32,"column":0},"end":{"line":35,"column":2}}},"fnMap":{"0":{"name":"(anonymous_0)","decl":{"start":{"line":3,"column":22},"end":{"line":3,"column":23}},"loc":{"start":{"line":3,"column":37},"end":{"line":3,"column":54}},"line":3},"1":{"name":"(anonymous_1)","decl":{"start":{"line":7,"column":24},"end":{"line":7,"column":25}},"loc":{"start":{"line":7,"column":46},"end":{"line":7,"column":70}},"line":7},"2":{"name":"(anonymous_2)","decl":{"start":{"line":13,"column":22},"end":{"line":13,"column":23}},"loc":{"start":{"line":13,"column":29},"end":{"line":13,"column":56}},"line":13},"3":{"name":"(anonymous_3)","decl":{"start":{"line":15,"column":17},"end":{"line":15,"column":18}},"loc":{"start":{"line":15,"column":25},"end":{"line":15,"column":61}},"line":15},"4":{"name":"(anonymous_4)","decl":{"start":{"line":17,"column":26},"end":{"line":17,"column":27}},"loc":{"start":{"line":17,"column":35},"end":{"line":28,"column":1}},"line":17},"5":{"name":"(anonymous_5)","decl":{"start":{"line":20,"column":20},"end":{"line":20,"column":21}},"loc":{"start":{"line":20,"column":37},"end":{"line":26,"column":3}},"line":20},"6":{"name":"(anonymous_6)","decl":{"start":{"line":30,"column":20},"end":{"line":30,"column":21}},"loc":{"start":{"line":30,"column":28},"end":{"line":30,"column":88}},"line":30}},"branchMap":{"0":{"loc":{"start":{"line":15,"column":25},"end":{"line":15,"column":61}},"type":"cond-expr","locations":[{"start":{"line":15,"column":56},"end":{"line":15,"column":57}},{"start":{"line":15,"column":60},"end":{"line":15,"column":61}}],"line":15},"1":{"loc":{"start":{"line":21,"column":4},"end":{"line":25,"column":5}},"type":"if","locations":[{"start":{"line":21,"column":4},"end":{"line":25,"column":5}},{"start":{"line":21,"column":4},"end":{"line":25,"column":5}}],"line":21}},"s":{"0":2,"1":2,"2":4,"3":2,"4":2,"5":4,"6":2,"7":2,"8":2,"9":4,"10":2,"11":4,"12":2,"13":4,"14":4,"15":4,"16":6,"17":4,"18":2,"19":4,"20":2,"21":4,"22":2},"f":{"0":4,"1":4,"2":4,"3":4,"4":4,"5":6,"6":4},"b":{"0":[4,0],"1":[4,2]},"_coverageSchema":"332fd63041d2c1bcb487cc26dd0d5f7d97098a6c","hash":"ea31a484972b6b5ae0b13e0d62cae3ff52955c60"}
}
