TN:
SF:D:\Repos\take-a-rest\client\config\index.js
FNF:0
FNH:0
DA:1,2
DA:6,2
LF:2
LH:2
BRF:0
BRH:0
end_of_record
TN:
SF:D:\Repos\take-a-rest\client\util\index.js
FN:3,(anonymous_0)
FN:7,(anonymous_1)
FN:13,(anonymous_2)
FN:15,(anonymous_3)
FN:17,(anonymous_4)
FN:20,(anonymous_5)
FN:30,(anonymous_6)
FNF:7
FNH:7
FNDA:4,(anonymous_0)
FNDA:4,(anonymous_1)
FNDA:4,(anonymous_2)
FNDA:4,(anonymous_3)
FNDA:4,(anonymous_4)
FNDA:6,(anonymous_5)
FNDA:4,(anonymous_6)
DA:1,2
DA:3,4
DA:5,2
DA:7,4
DA:9,2
DA:11,2
DA:13,4
DA:15,4
DA:17,2
DA:18,4
DA:19,4
DA:20,4
DA:21,6
DA:22,4
DA:24,2
DA:27,4
DA:30,4
DA:32,2
LF:18
LH:18
BRDA:15,0,0,4
BRDA:15,0,1,0
BRDA:21,1,0,4
BRDA:21,1,1,2
BRF:4
BRH:3
end_of_record
